<?xml version="1.0" encoding="UTF-8"?>
<!-- Generated by org.testng.reporters.JUnitReportReporter -->
<testsuite hostname="Prathameshs-MacBook-Air.local" failures="0" tests="1" name="tests.FormDemo" time="12.903" errors="0" timestamp="2024-09-30T11:41:08 IST" skipped="0">
  <testcase classname="tests.FormDemo" name="verifyInputForm" time="12.903"/>
</testsuite> <!-- tests.FormDemo -->
