<?xml version="1.0" encoding="UTF-8"?>
<!-- Generated by org.testng.reporters.JUnitReportReporter -->
<testsuite hostname="Prathameshs-MacBook-Air.local" failures="0" tests="1" name="base.Configuration" time="0.009" errors="1" timestamp="2024-09-23T11:25:36 IST" skipped="0">
  <testcase classname="base.Configuration" name="beforeTestMethod" time="0.009">
    <error type="java.lang.NullPointerException">
      <![CDATA[java.lang.NullPointerException
at java.base/java.io.File.<init>(File.java:278)
at com.aventstack.extentreports.reporter.ExtentSparkReporter.<init>(ExtentSparkReporter.java:51)
at base.BaseTest.beforeTestMethod(BaseTest.java:52)
at java.base/jdk.internal.reflect.DirectMethodHandleAccessor.invoke(DirectMethodHandleAccessor.java:103)
at java.base/java.lang.reflect.Method.invoke(Method.java:580)
at org.testng.internal.invokers.MethodInvocationHelper.invokeMethod(MethodInvocationHelper.java:141)
at org.testng.internal.invokers.MethodInvocationHelper.invokeMethodConsideringTimeout(MethodInvocationHelper.java:71)
at org.testng.internal.invokers.ConfigInvoker.invokeConfigurationMethod(ConfigInvoker.java:400)
at org.testng.internal.invokers.ConfigInvoker.invokeConfigurations(ConfigInvoker.java:333)
at org.testng.TestRunner.invokeTestConfigurations(TestRunner.java:655)
at org.testng.TestRunner.beforeRun(TestRunner.java:644)
at org.testng.TestRunner.run(TestRunner.java:610)
at org.testng.SuiteRunner.runTest(SuiteRunner.java:421)
at org.testng.SuiteRunner.runSequentially(SuiteRunner.java:413)
at org.testng.SuiteRunner.privateRun(SuiteRunner.java:373)
at org.testng.SuiteRunner.run(SuiteRunner.java:312)
at org.testng.SuiteRunnerWorker.runSuite(SuiteRunnerWorker.java:52)
at org.testng.SuiteRunnerWorker.run(SuiteRunnerWorker.java:95)
at org.testng.TestNG.runSuitesSequentially(TestNG.java:1274)
at org.testng.TestNG.runSuitesLocally(TestNG.java:1208)
at org.testng.TestNG.runSuites(TestNG.java:1112)
at org.testng.TestNG.run(TestNG.java:1079)
at org.testng.remote.AbstractRemoteTestNG.run(AbstractRemoteTestNG.java:115)
at org.testng.remote.RemoteTestNG.initAndRun(RemoteTestNG.java:293)
at org.testng.remote.RemoteTestNG.main(RemoteTestNG.java:91)
]]>
    </error>
  </testcase> <!-- beforeTestMethod -->
</testsuite> <!-- base.Configuration -->
